2024-12-09 13:54:44,718 - ====== WebDriver manager ======
2024-12-09 13:54:45,682 - Get LATEST chromedriver version for google-chrome
2024-12-09 13:54:45,790 - Get LATEST chromedriver version for google-chrome
2024-12-09 13:54:45,869 - Driver [C:\Users\DellUser\.wdm\drivers\chromedriver\win64\131.0.6778.87\chromedriver-win32/chromedriver.exe] found in cache
2024-12-09 13:54:50,177 - Page loaded successfully.
2024-12-09 13:54:50,178 - Processing ID: 7507175603080
2024-12-09 13:54:50,178 - Attempting to find the input field for ID: 7507175603080
2024-12-09 13:54:50,214 - Input field found.
2024-12-09 13:54:50,399 - Submit button found and clicked.
2024-12-09 13:54:52,997 - Response div found.
2024-12-09 13:54:53,046 - Response for ID 7507175603080: 7507175603080 - Eastern Cape:Transport
2024-12-09 13:54:58,382 - Form reset successfully.
2024-12-09 13:55:00,404 - Processing ID: 6608245322080
2024-12-09 13:55:00,404 - Attempting to find the input field for ID: 6608245322080
2024-12-09 13:55:00,446 - Input field found.
2024-12-09 13:55:00,554 - Submit button found and clicked.
2024-12-09 13:55:03,560 - Response div found.
2024-12-09 13:55:03,571 - Response for ID 6608245322080: Not a Public Servant
2024-12-09 13:55:06,773 - Form reset successfully.
2024-12-09 13:55:08,801 - Processing ID: 8505150650083
2024-12-09 13:55:08,801 - Attempting to find the input field for ID: 8505150650083
2024-12-09 13:55:08,846 - Input field found.
2024-12-09 13:55:08,960 - Submit button found and clicked.
2024-12-09 13:55:14,419 - Response div found.
2024-12-09 13:55:14,456 - Response for ID 8505150650083: 8505150650083 - National:Police
2024-12-09 13:55:17,919 - Form reset successfully.
2024-12-09 13:55:19,957 - Processing ID: 7907100446086
2024-12-09 13:55:19,957 - Attempting to find the input field for ID: 7907100446086
2024-12-09 13:55:19,996 - Input field found.
2024-12-09 13:55:20,123 - Submit button found and clicked.
2024-12-09 13:55:22,968 - Response div found.
2024-12-09 13:55:23,002 - Response for ID 7907100446086: 7907100446086 - National:Police
2024-12-09 13:55:27,267 - Form reset successfully.
2024-12-09 13:55:29,291 - Processing ID: 9010140316084
2024-12-09 13:55:29,291 - Attempting to find the input field for ID: 9010140316084
2024-12-09 13:55:29,337 - Input field found.
2024-12-09 13:55:29,466 - Submit button found and clicked.
2024-12-09 13:55:33,912 - Response div found.
2024-12-09 13:55:33,950 - Response for ID 9010140316084: 9010140316084 - Northern Cape:Education
2024-12-09 13:55:36,406 - Form reset successfully.
2024-12-09 13:55:38,426 - Processing ID: 7412245288089
2024-12-09 13:55:38,426 - Attempting to find the input field for ID: 7412245288089
2024-12-09 13:55:38,468 - Input field found.
2024-12-09 13:55:38,578 - Submit button found and clicked.
2024-12-09 13:55:42,034 - Response div found.
2024-12-09 13:55:42,075 - Response for ID 7412245288089: 7412245288089 - Eastern Cape:Education
2024-12-09 13:55:46,393 - Form reset successfully.
2024-12-09 13:55:48,414 - Processing ID: 6212145219080
2024-12-09 13:55:48,414 - Attempting to find the input field for ID: 6212145219080
2024-12-09 13:55:48,462 - Input field found.
2024-12-09 13:55:48,576 - Submit button found and clicked.
2024-12-09 13:55:52,306 - Response div found.
2024-12-09 13:55:52,343 - Response for ID 6212145219080: 6212145219080 - Eastern Cape:Health
2024-12-09 13:55:54,070 - Form reset successfully.
2024-12-09 13:55:56,093 - Processing ID: 8409150933088
2024-12-09 13:55:56,093 - Attempting to find the input field for ID: 8409150933088
2024-12-09 13:55:56,113 - Input field found.
2024-12-09 13:55:56,205 - Submit button found and clicked.
2024-12-09 13:55:58,992 - Response div found.
2024-12-09 13:55:59,021 - Response for ID 8409150933088: 8409150933088 - National:Justice and Constitutional Development
2024-12-09 13:56:03,078 - Form reset successfully.
2024-12-09 13:56:05,100 - Processing ID: 8106225288080
2024-12-09 13:56:05,100 - Attempting to find the input field for ID: 8106225288080
2024-12-09 13:56:05,117 - Input field found.
2024-12-09 13:56:05,210 - Submit button found and clicked.
2024-12-09 13:56:09,932 - Response div found.
2024-12-09 13:56:09,968 - Response for ID 8106225288080: 8106225288080 - National:Correctional Services
2024-12-09 13:56:12,809 - Form reset successfully.
2024-12-09 13:56:14,828 - Processing ID: 9302125565086
2024-12-09 13:56:14,828 - Attempting to find the input field for ID: 9302125565086
2024-12-09 13:56:14,853 - Input field found.
2024-12-09 13:56:14,947 - Submit button found and clicked.
2024-12-09 13:56:21,426 - Response div found.
2024-12-09 13:56:21,455 - Response for ID 9302125565086: 9302125565086 - National:Police
2024-12-09 13:56:24,216 - Form reset successfully.
2024-12-09 13:56:26,243 - Processing ID: 9012045260086
2024-12-09 13:56:26,244 - Attempting to find the input field for ID: 9012045260086
2024-12-09 13:56:26,288 - Input field found.
2024-12-09 13:56:26,408 - Submit button found and clicked.
2024-12-09 13:56:30,190 - Response div found.
2024-12-09 13:56:30,222 - Response for ID 9012045260086: 9012045260086 - National:Police
2024-12-09 13:56:33,660 - Form reset successfully.
2024-12-09 13:56:35,687 - Processing ID: 7003101381082
2024-12-09 13:56:35,687 - Attempting to find the input field for ID: 7003101381082
2024-12-09 13:56:35,736 - Input field found.
2024-12-09 13:56:35,860 - Submit button found and clicked.
2024-12-09 13:56:40,841 - Response div found.
2024-12-09 13:56:40,870 - Response for ID 7003101381082: 7003101381082 - Eastern Cape:Health
2024-12-09 13:56:44,851 - Form reset successfully.
2024-12-09 13:56:46,876 - Processing ID: 7905075203086
2024-12-09 13:56:46,876 - Attempting to find the input field for ID: 7905075203086
2024-12-09 13:56:46,896 - Input field found.
2024-12-09 13:56:47,027 - Submit button found and clicked.
2024-12-09 13:56:51,056 - Response div found.
2024-12-09 13:56:51,091 - Response for ID 7905075203086: 7905075203086 - Eastern Cape:Health
2024-12-09 13:56:55,233 - Form reset successfully.
2024-12-09 13:56:57,269 - Processing ID: 6806155794088
2024-12-09 13:56:57,269 - Attempting to find the input field for ID: 6806155794088
2024-12-09 13:56:57,296 - Input field found.
2024-12-09 13:56:57,387 - Submit button found and clicked.
2024-12-09 13:57:01,031 - Response div found.
2024-12-09 13:57:01,070 - Response for ID 6806155794088: 6806155794088 - Eastern Cape:Education
2024-12-09 13:57:03,455 - Form reset successfully.
2024-12-09 13:57:05,483 - Processing ID: 6505310148087
2024-12-09 13:57:05,483 - Attempting to find the input field for ID: 6505310148087
2024-12-09 13:57:05,520 - Input field found.
2024-12-09 13:57:05,615 - Submit button found and clicked.
2024-12-09 13:57:08,651 - Response div found.
2024-12-09 13:57:08,690 - Response for ID 6505310148087: 6505310148087 - Eastern Cape:Health
2024-12-09 13:57:11,989 - Form reset successfully.
2024-12-09 13:57:14,011 - Processing ID: 8707120717089
2024-12-09 13:57:14,011 - Attempting to find the input field for ID: 8707120717089
2024-12-09 13:57:14,050 - Input field found.
2024-12-09 13:57:14,156 - Submit button found and clicked.
2024-12-09 13:57:17,634 - Response div found.
2024-12-09 13:57:17,671 - Response for ID 8707120717089: 8707120717089 - Eastern Cape:Health
2024-12-09 13:57:19,298 - Form reset successfully.
2024-12-09 13:57:21,321 - Processing ID: 9110215634088
2024-12-09 13:57:21,321 - Attempting to find the input field for ID: 9110215634088
2024-12-09 13:57:21,368 - Input field found.
2024-12-09 13:57:21,506 - Submit button found and clicked.
2024-12-09 13:57:24,807 - Response div found.
2024-12-09 13:57:24,845 - Response for ID 9110215634088: 9110215634088 - Eastern Cape:Education
2024-12-09 13:57:30,149 - Form reset successfully.
2024-12-09 13:57:32,177 - Processing ID: 8306260883080
2024-12-09 13:57:32,177 - Attempting to find the input field for ID: 8306260883080
2024-12-09 13:57:32,220 - Input field found.
2024-12-09 13:57:32,323 - Submit button found and clicked.
2024-12-09 13:57:36,607 - Response div found.
2024-12-09 13:57:36,642 - Response for ID 8306260883080: 8306260883080 - National:Employment and Labour
2024-12-09 13:57:39,240 - Form reset successfully.
2024-12-09 13:57:41,260 - Processing ID: 8909105201085
2024-12-09 13:57:41,260 - Attempting to find the input field for ID: 8909105201085
2024-12-09 13:57:41,278 - Input field found.
2024-12-09 13:57:41,382 - Submit button found and clicked.
2024-12-09 13:57:47,595 - Response div found.
2024-12-09 13:57:47,625 - Response for ID 8909105201085: 8909105201085 - Eastern Cape:Health
2024-12-09 13:57:51,448 - Form reset successfully.
2024-12-09 13:57:53,484 - Processing ID: 8104035935081
2024-12-09 13:57:53,484 - Attempting to find the input field for ID: 8104035935081
2024-12-09 13:57:53,505 - Input field found.
2024-12-09 13:57:53,637 - Submit button found and clicked.
2024-12-09 13:57:56,581 - Response div found.
2024-12-09 13:57:56,611 - Response for ID 8104035935081: 8104035935081 - National:Higher Education
2024-12-09 13:57:59,521 - Form reset successfully.
2024-12-09 13:58:01,545 - Processing ID: 7803030422083
2024-12-09 13:58:01,545 - Attempting to find the input field for ID: 7803030422083
2024-12-09 13:58:01,571 - Input field found.
2024-12-09 13:58:01,671 - Submit button found and clicked.
2024-12-09 13:58:06,457 - Response div found.
2024-12-09 13:58:06,492 - Response for ID 7803030422083: 7803030422083 - Eastern Cape:Cooperative Governance and Traditional Affairs
2024-12-09 13:58:10,790 - Form reset successfully.
2024-12-09 13:58:12,814 - Processing ID: 8109120368080
2024-12-09 13:58:12,815 - Attempting to find the input field for ID: 8109120368080
2024-12-09 13:58:12,850 - Input field found.
2024-12-09 13:58:12,950 - Submit button found and clicked.
2024-12-09 13:58:15,950 - Response div found.
2024-12-09 13:58:15,986 - Response for ID 8109120368080: 8109120368080 - National:Police
2024-12-09 13:58:18,125 - Form reset successfully.
2024-12-09 13:58:20,148 - Processing ID: 7411116148083
2024-12-09 13:58:20,148 - Attempting to find the input field for ID: 7411116148083
2024-12-09 13:58:20,170 - Input field found.
2024-12-09 13:58:20,292 - Submit button found and clicked.
